\BOOKMARK [1][-]{section.1}{\376\377\000I\000n\000t\000r\000o\000d\000u\000z\000i\000o\000n\000e}{}% 1
\BOOKMARK [2][-]{subsection.1.1}{\376\377\000S\000c\000o\000p\000o\000\040\000d\000e\000l\000\040\000D\000o\000c\000u\000m\000e\000n\000t\000o}{section.1}% 2
\BOOKMARK [2][-]{subsection.1.2}{\376\377\000S\000c\000o\000p\000o\000\040\000d\000e\000l\000\040\000P\000r\000o\000d\000o\000t\000t\000o}{section.1}% 3
\BOOKMARK [2][-]{subsection.1.3}{\376\377\000G\000l\000o\000s\000s\000a\000r\000i\000o}{section.1}% 4
\BOOKMARK [2][-]{subsection.1.4}{\376\377\000R\000i\000f\000e\000r\000i\000m\000e\000n\000t\000i}{section.1}% 5
\BOOKMARK [3][-]{subsubsection.1.4.1}{\376\377\000R\000i\000f\000e\000r\000i\000m\000e\000n\000t\000i\000\040\000n\000o\000r\000m\000a\000t\000i\000v\000i}{subsection.1.4}% 6
\BOOKMARK [3][-]{subsubsection.1.4.2}{\376\377\000R\000i\000f\000e\000r\000i\000m\000e\000n\000t\000i\000\040\000i\000n\000f\000o\000r\000m\000a\000t\000i\000v\000i}{subsection.1.4}% 7
\BOOKMARK [1][-]{section.2}{\376\377\000P\000r\000o\000c\000e\000s\000s\000i\000\040\000P\000r\000i\000m\000a\000r\000i}{}% 8
\BOOKMARK [2][-]{subsection.2.1}{\376\377\000F\000o\000r\000n\000i\000t\000u\000r\000a}{section.2}% 9
\BOOKMARK [3][-]{subsubsection.2.1.1}{\376\377\000S\000c\000o\000p\000o}{subsection.2.1}% 10
\BOOKMARK [3][-]{subsubsection.2.1.2}{\376\377\000D\000e\000s\000c\000r\000i\000z\000i\000o\000n\000e}{subsection.2.1}% 11
\BOOKMARK [3][-]{subsubsection.2.1.3}{\376\377\000R\000a\000p\000p\000o\000r\000t\000i\000\040\000c\000o\000n\000\040\000i\000l\000\040\000p\000r\000o\000p\000o\000n\000e\000n\000t\000e}{subsection.2.1}% 12
\BOOKMARK [4][-]{paragraph.2.1.3.1}{\376\377\000A\000z\000i\000e\000n\000d\000a}{subsubsection.2.1.3}% 13
\BOOKMARK [4][-]{paragraph.2.1.3.2}{\376\377\000M\000a\000t\000e\000r\000i\000a\000l\000e\000\040\000f\000o\000r\000n\000i\000t\000o}{subsubsection.2.1.3}% 14
\BOOKMARK [4][-]{paragraph.2.1.3.3}{\376\377\000S\000u\000p\000p\000o\000r\000t\000o}{subsubsection.2.1.3}% 15
\BOOKMARK [4][-]{paragraph.2.1.3.4}{\376\377\000C\000o\000m\000u\000n\000i\000c\000a\000z\000i\000o\000n\000e}{subsubsection.2.1.3}% 16
\BOOKMARK [3][-]{subsubsection.2.1.4}{\376\377\000D\000o\000c\000u\000m\000e\000n\000t\000i}{subsection.2.1}% 17
\BOOKMARK [4][-]{paragraph.2.1.4.1}{\376\377\000P\000i\000a\000n\000o\000\040\000d\000i\000\040\000P\000r\000o\000g\000e\000t\000t\000o}{subsubsection.2.1.4}% 18
\BOOKMARK [4][-]{paragraph.2.1.4.2}{\376\377\000P\000i\000a\000n\000o\000\040\000d\000i\000\040\000Q\000u\000a\000l\000i\000f\000i\000c\000a}{subsubsection.2.1.4}% 19
\BOOKMARK [4][-]{paragraph.2.1.4.3}{\376\377\000S\000t\000r\000u\000m\000e\000n\000t\000i}{subsubsection.2.1.4}% 20
\BOOKMARK [2][-]{subsection.2.2}{\376\377\000S\000v\000i\000l\000u\000p\000p\000o}{section.2}% 21
\BOOKMARK [3][-]{subsubsection.2.2.1}{\376\377\000S\000c\000o\000p\000o}{subsection.2.2}% 22
\BOOKMARK [3][-]{subsubsection.2.2.2}{\376\377\000D\000e\000s\000c\000r\000i\000z\000i\000o\000n\000e}{subsection.2.2}% 23
\BOOKMARK [3][-]{subsubsection.2.2.3}{\376\377\000A\000n\000a\000l\000i\000s\000i\000\040\000d\000e\000i\000\040\000R\000e\000q\000u\000i\000s\000i\000t\000i}{subsection.2.2}% 24
\BOOKMARK [4][-]{paragraph.2.2.3.1}{\376\377\000S\000c\000o\000p\000o}{subsubsection.2.2.3}% 25
\BOOKMARK [4][-]{paragraph.2.2.3.2}{\376\377\000R\000e\000q\000u\000i\000s\000i\000t\000i}{subsubsection.2.2.3}% 26
\BOOKMARK [4][-]{paragraph.2.2.3.3}{\376\377\000C\000l\000a\000s\000s\000i\000f\000i\000c\000a\000z\000i\000o\000n\000e\000\040\000d\000e\000i\000\040\000r\000e\000q\000u\000i\000s\000i\000t\000i}{subsubsection.2.2.3}% 27
\BOOKMARK [4][-]{paragraph.2.2.3.4}{\376\377\000C\000a\000s\000i\000\040\000d\000'\000u\000s\000o}{subsubsection.2.2.3}% 28
\BOOKMARK [4][-]{paragraph.2.2.3.5}{\376\377\000C\000l\000a\000s\000s\000i\000f\000i\000c\000a\000z\000i\000o\000n\000e\000\040\000d\000e\000i\000\040\000c\000a\000s\000i\000\040\000d\000'\000u\000s\000o}{subsubsection.2.2.3}% 29
\BOOKMARK [4][-]{paragraph.2.2.3.6}{\376\377\000U\000M\000L}{subsubsection.2.2.3}% 30
\BOOKMARK [3][-]{subsubsection.2.2.4}{\376\377\000P\000r\000o\000g\000e\000t\000t\000a\000z\000i\000o\000n\000e}{subsection.2.2}% 31
\BOOKMARK [4][-]{paragraph.2.2.4.1}{\376\377\000O\000b\000i\000e\000t\000t\000i\000v\000o}{subsubsection.2.2.4}% 32
\BOOKMARK [4][-]{paragraph.2.2.4.2}{\376\377\000T\000e\000c\000h\000n\000o\000l\000o\000g\000y\000\040\000B\000a\000s\000e\000l\000i\000n\000e}{subsubsection.2.2.4}% 33
\BOOKMARK [4][-]{paragraph.2.2.4.3}{\376\377\000P\000r\000o\000d\000u\000c\000t\000\040\000B\000a\000s\000e\000l\000i\000n\000e}{subsubsection.2.2.4}% 34
\BOOKMARK [3][-]{subsubsection.2.2.5}{\376\377\000C\000o\000d\000i\000f\000i\000c\000a}{subsection.2.2}% 35
\BOOKMARK [1][-]{section.3}{\376\377\000P\000r\000o\000c\000e\000s\000s\000i\000\040\000d\000i\000\040\000S\000u\000p\000p\000o\000r\000t\000o}{}% 36
\BOOKMARK [2][-]{subsection.3.1}{\376\377\000D\000o\000c\000u\000m\000e\000n\000t\000a\000z\000i\000o\000n\000e}{section.3}% 37
\BOOKMARK [3][-]{subsubsection.3.1.1}{\376\377\000V\000e\000r\000b\000a\000l\000i}{subsection.3.1}% 38
\BOOKMARK [4][-]{paragraph.3.1.1.1}{\376\377\000V\000e\000r\000b\000a\000l\000i\000\040\000i\000n\000t\000e\000r\000n\000i}{subsubsection.3.1.1}% 39
\BOOKMARK [4][-]{paragraph.3.1.1.2}{\376\377\000V\000e\000r\000b\000a\000l\000i\000\040\000e\000s\000t\000e\000r\000n\000i}{subsubsection.3.1.1}% 40
\BOOKMARK [3][-]{subsubsection.3.1.2}{\376\377\000S\000t\000r\000u\000m\000e\000n\000t\000i\000\040\000p\000e\000r\000\040\000l\000a\000\040\000s\000t\000e\000s\000u\000r\000a}{subsection.3.1}% 41
\BOOKMARK [3][-]{subsubsection.3.1.3}{\376\377\000V\000e\000r\000s\000i\000o\000n\000a\000m\000e\000n\000t\000o}{subsection.3.1}% 42
\BOOKMARK [3][-]{subsubsection.3.1.4}{\376\377\000R\000e\000v\000i\000s\000i\000o\000n\000e}{subsection.3.1}% 43
\BOOKMARK [3][-]{subsubsection.3.1.5}{\376\377\000A\000p\000p\000r\000o\000v\000a\000z\000i\000o\000n\000e}{subsection.3.1}% 44
\BOOKMARK [1][-]{section.4}{\376\377\000P\000r\000o\000c\000e\000s\000s\000i\000\040\000O\000r\000g\000a\000n\000i\000z\000z\000a\000t\000i\000v\000i}{}% 45
\BOOKMARK [2][-]{subsection.4.1}{\376\377\000G\000e\000s\000t\000i\000o\000n\000e\000\040\000O\000r\000g\000a\000n\000i\000z\000z\000a\000t\000i\000v\000a}{section.4}% 46
\BOOKMARK [3][-]{subsubsection.4.1.1}{\376\377\000S\000c\000o\000p\000o}{subsection.4.1}% 47
\BOOKMARK [3][-]{subsubsection.4.1.2}{\376\377\000D\000e\000s\000c\000r\000i\000z\000i\000o\000n\000e}{subsection.4.1}% 48
\BOOKMARK [3][-]{subsubsection.4.1.3}{\376\377\000R\000u\000o\000l\000i\000\040\000d\000i\000\040\000P\000r\000o\000g\000e\000t\000t\000o}{subsection.4.1}% 49
\BOOKMARK [4][-]{paragraph.4.1.3.1}{\376\377\000R\000e\000s\000p\000o\000n\000s\000a\000b\000i\000l\000e\000\040\000d\000i\000\040\000p\000r\000o\000g\000e\000t\000t\000o}{subsubsection.4.1.3}% 50
\BOOKMARK [4][-]{paragraph.4.1.3.2}{\376\377\000A\000m\000m\000i\000n\000i\000s\000t\000r\000a\000t\000o\000r\000e}{subsubsection.4.1.3}% 51
\BOOKMARK [4][-]{paragraph.4.1.3.3}{\376\377\000A\000n\000a\000l\000i\000s\000t\000a}{subsubsection.4.1.3}% 52
\BOOKMARK [4][-]{paragraph.4.1.3.4}{\376\377\000P\000r\000o\000g\000e\000t\000t\000i\000s\000t\000a}{subsubsection.4.1.3}% 53
\BOOKMARK [4][-]{paragraph.4.1.3.5}{\376\377\000P\000r\000o\000g\000r\000a\000m\000m\000a\000t\000o\000r\000e}{subsubsection.4.1.3}% 54
\BOOKMARK [4][-]{paragraph.4.1.3.6}{\376\377\000V\000e\000r\000i\000f\000i\000c\000a\000t\000o\000r\000e}{subsubsection.4.1.3}% 55
\BOOKMARK [3][-]{subsubsection.4.1.4}{\376\377\000S\000t\000r\000u\000m\000e\000n\000t\000i\000\040\000c\000o\000l\000l\000a\000b\000o\000r\000a\000t\000i\000v\000i}{subsection.4.1}% 56
\BOOKMARK [4][-]{paragraph.4.1.4.1}{\376\377\000G\000i\000t\000H\000u\000b}{subsubsection.4.1.4}% 57
\BOOKMARK [4][-]{paragraph.4.1.4.2}{\376\377\000Y\000o\000u\000T\000r\000a\000c\000k}{subsubsection.4.1.4}% 58
\BOOKMARK [2][-]{subsection.4.2}{\376\377\000G\000e\000s\000t\000i\000o\000n\000e\000\040\000d\000e\000g\000l\000i\000\040\000i\000n\000c\000o\000n\000t\000r\000i}{section.4}% 59
\BOOKMARK [3][-]{subsubsection.4.2.1}{\376\377\000P\000i\000a\000t\000t\000a\000f\000o\000r\000m\000a}{subsection.4.2}% 60
\BOOKMARK [3][-]{subsubsection.4.2.2}{\376\377\000D\000a\000t\000e}{subsection.4.2}% 61
\BOOKMARK [3][-]{subsubsection.4.2.3}{\376\377\000A\000r\000g\000o\000m\000e\000n\000t\000i}{subsection.4.2}% 62
