\BOOKMARK [1][-]{section.1}{\376\377\000I\000n\000t\000r\000o\000d\000u\000z\000i\000o\000n\000e}{}% 1
\BOOKMARK [2][-]{subsection.1.1}{\376\377\000G\000l\000o\000s\000s\000a\000r\000i\000o}{section.1}% 2
\BOOKMARK [2][-]{subsection.1.2}{\376\377\000R\000i\000f\000e\000r\000i\000m\000e\000n\000t\000i}{section.1}% 3
\BOOKMARK [3][-]{subsubsection.1.2.1}{\376\377\000R\000i\000f\000e\000r\000i\000m\000e\000n\000t\000i\000\040\000n\000o\000r\000m\000a\000t\000i\000v\000i}{subsection.1.2}% 4
\BOOKMARK [3][-]{subsubsection.1.2.2}{\376\377\000R\000i\000f\000e\000r\000i\000m\000e\000n\000t\000i\000\040\000i\000n\000f\000o\000r\000m\000a\000t\000i\000v\000i}{subsection.1.2}% 5
\BOOKMARK [1][-]{section.2}{\376\377\000D\000e\000s\000c\000r\000i\000z\000i\000o\000n\000e\000\040\000g\000e\000n\000e\000r\000a\000l\000e\000\040\000d\000e\000l\000\040\000p\000r\000o\000d\000o\000t\000t\000o}{}% 6
\BOOKMARK [2][-]{subsection.2.1}{\376\377\000S\000c\000o\000p\000o\000\040\000d\000e\000l\000\040\000p\000r\000o\000d\000o\000t\000t\000o}{section.2}% 7
\BOOKMARK [2][-]{subsection.2.2}{\376\377\000T\000a\000r\000g\000e\000t}{section.2}% 8
\BOOKMARK [2][-]{subsection.2.3}{\376\377\000A\000t\000t\000o\000r\000i}{section.2}% 9
\BOOKMARK [3][-]{subsubsection.2.3.1}{\376\377\000A\000t\000t\000o\000r\000i\000\040\000p\000r\000i\000n\000c\000i\000p\000a\000l\000i}{subsection.2.3}% 10
\BOOKMARK [3][-]{subsubsection.2.3.2}{\376\377\000A\000t\000t\000o\000r\000i\000\040\000s\000e\000c\000o\000n\000d\000a\000r\000i}{subsection.2.3}% 11
\BOOKMARK [1][-]{section.3}{\376\377\000O\000b\000b\000l\000i\000g\000h\000i\000\040\000p\000r\000o\000g\000e\000t\000t\000u\000a\000l\000i}{}% 12
\BOOKMARK [1][-]{section.4}{\376\377\000C\000a\000s\000i\000\040\000d\000'\000u\000s\000o}{}% 13
\BOOKMARK [2][-]{subsection.4.1}{\376\377\000S\000c\000o\000p\000o}{section.4}% 14
\BOOKMARK [2][-]{subsection.4.2}{\376\377\000U\000C\0001\000-\000T\000e\000s\000t}{section.4}% 15
\BOOKMARK [3][-]{subsubsection.4.2.1}{\376\377\000U\000C\0001\000.\0001\000-\000T\000e\000s\000t}{subsection.4.2}% 16
\BOOKMARK [2][-]{subsection.4.3}{\376\377\000U\000C\0002\000-\000T\000e\000s\000t}{section.4}% 17
\BOOKMARK [1][-]{section.5}{\376\377\000R\000e\000q\000u\000i\000s\000i\000t\000i}{}% 18
\BOOKMARK [2][-]{subsection.5.1}{\376\377\000R\000e\000q\000u\000i\000s\000i\000t\000i\000\040\000d\000i\000\040\000v\000i\000n\000c\000o\000l\000o}{section.5}% 19
\BOOKMARK [2][-]{subsection.5.2}{\376\377\000R\000e\000q\000u\000i\000s\000i\000t\000i\000\040\000d\000i\000\040\000q\000u\000a\000l\000i\000t\000\340}{section.5}% 20
\BOOKMARK [2][-]{subsection.5.3}{\376\377\000R\000e\000q\000u\000i\000s\000i\000t\000i\000\040\000f\000u\000n\000z\000i\000o\000n\000a\000l\000i}{section.5}% 21
\BOOKMARK [2][-]{subsection.5.4}{\376\377\000T\000r\000a\000c\000c\000i\000a\000m\000e\000n\000t\000o\000\040\000r\000e\000q\000u\000i\000s\000i\000t\000i}{section.5}% 22
