INFO:  latexindent.exe version 3.19, 2022-10-30, a script to indent .tex files
       latexindent.exe lives here: E:/programmi/texlive/2022/bin/win32/
       Mon Dec 12 12:02:13 2022
       Filename: c:/Users/bepi2/Desktop/git SWE/SubmarinesG4-SWE/SubmarinesG4-SWE/RTB/Documenti esterni/analisi_dei_requisiti/sezioni/__latexindent_temp_usecase.tex
INFO:  Processing switches:
       -y|--yaml: YAML settings specified via command line
       -c|--cruft: cruft directory
INFO:  Directory for backup files and c:/Users/bepi2/Desktop/git SWE/SubmarinesG4-SWE/SubmarinesG4-SWE/RTB/Documenti esterni/analisi_dei_requisiti//indent.log:
       c:/Users/bepi2/Desktop/git SWE/SubmarinesG4-SWE/SubmarinesG4-SWE/RTB/Documenti esterni/analisi_dei_requisiti/
INFO:  YAML settings read: defaultSettings.yaml
       Reading defaultSettings.yaml from E:/programmi/texlive/2022/bin/win32/defaultSettings.yaml
       Reading defaultSettings.yaml (2nd attempt) from E:/programmi/texlive/2022/bin/win32/../../texmf-dist/scripts/latexindent/defaultSettings.yaml
       and then, if necessary, E:/programmi/texlive/2022/bin/win32/LatexIndent/defaultSettings.yaml
INFO:  YAML settings read: indentconfig.yaml or .indentconfig.yaml
       Home directory is C:\Users\bepi2 (didn't find either indentconfig.yaml or .indentconfig.yaml)
       To specify user settings you would put indentconfig.yaml here: C:\Users\bepi2/indentconfig.yaml
       Alternatively, you can use the hidden file .indentconfig.yaml as: C:\Users\bepi2/.indentconfig.yaml
INFO:  YAML settings read: -y switch
       YAML setting: defaultIndent:'    '
       single-quoted string found in -y switch: '    ', substitute to     
       Updating mainSettings with defaultIndent:     
INFO:  Phase 1: searching for objects
INFO:  Phase 2: finding surrounding indentation
INFO:  Phase 3: indenting objects
INFO:  Phase 4: final indentation check
INFO:  Output routine:
       Not outputting to file; see -w and -o switches for more options.
       --------------
INFO:  Please direct all communication/issues to:
        https://github.com/cmhughes/latexindent.pl
